Build started 2013-05-19 오전 1:18:51.
     1>Project "Z:\Users\Retina\Dropbox\Projects\Practice8\Practice8\Practice8.vcxproj" on node 2 (Build target(s)).
     1>ClCompile:
         C:\Program Files\Microsoft Visual Studio 11.0\VC\bin\CL.exe /c /ZI /nologo /W3 /WX- /Od /Oy- /D WIN32 /D _DEBUG /D _CONSOLE /D _UNICODE /D UNICODE /Gm /EHsc /RTC1 /MDd /GS /fp:precise /Zc:wchar_t /Zc:forScope /Fo"Debug\\" /Fd"Debug\vc110.pdb" /Gd /TC /analyze- /errorReport:prompt Practice8.c
         Practice8.c
     1>z:\users\retina\dropbox\projects\practice8\practice8\practice8.c(161): warning C4028: formal parameter 2 different from declaration
     1>z:\users\retina\dropbox\projects\practice8\practice8\practice8.c(261): warning C4996: 'scanf': This function or variable may be unsafe. Consider using scanf_s instead. To disable deprecation, use _CRT_SECURE_NO_WARNINGS. See online help for details.
                 c:\program files\microsoft visual studio 11.0\vc\include\stdio.h(290) : see declaration of 'scanf'
     1>z:\users\retina\dropbox\projects\practice8\practice8\practice8.c(264): warning C4996: 'scanf': This function or variable may be unsafe. Consider using scanf_s instead. To disable deprecation, use _CRT_SECURE_NO_WARNINGS. See online help for details.
                 c:\program files\microsoft visual studio 11.0\vc\include\stdio.h(290) : see declaration of 'scanf'
     1>z:\users\retina\dropbox\projects\practice8\practice8\practice8.c(267): warning C4996: 'scanf': This function or variable may be unsafe. Consider using scanf_s instead. To disable deprecation, use _CRT_SECURE_NO_WARNINGS. See online help for details.
                 c:\program files\microsoft visual studio 11.0\vc\include\stdio.h(290) : see declaration of 'scanf'
     1>z:\users\retina\dropbox\projects\practice8\practice8\practice8.c(270): warning C4996: 'scanf': This function or variable may be unsafe. Consider using scanf_s instead. To disable deprecation, use _CRT_SECURE_NO_WARNINGS. See online help for details.
                 c:\program files\microsoft visual studio 11.0\vc\include\stdio.h(290) : see declaration of 'scanf'
       Link:
         C:\Program Files\Microsoft Visual Studio 11.0\VC\bin\link.exe /ERRORREPORT:PROMPT /OUT:"Z:\Users\Retina\Dropbox\Projects\Practice8\Debug\Practice8.exe" /INCREMENTAL /NOLOGO kernel32.lib user32.lib gdi32.lib winspool.lib comdlg32.lib advapi32.lib shell32.lib ole32.lib oleaut32.lib uuid.lib odbc32.lib odbccp32.lib /MANIFEST /MANIFESTUAC:"level='asInvoker' uiAccess='false'" /manifest:embed /DEBUG /PDB:"Z:\Users\Retina\Dropbox\Projects\Practice8\Debug\Practice8.pdb" /SUBSYSTEM:CONSOLE /TLBID:1 /DYNAMICBASE /NXCOMPAT /IMPLIB:"Z:\Users\Retina\Dropbox\Projects\Practice8\Debug\Practice8.lib" /MACHINE:X86 Debug\Practice8.obj
         Practice8.vcxproj -> Z:\Users\Retina\Dropbox\Projects\Practice8\Debug\Practice8.exe
     1>Done Building Project "Z:\Users\Retina\Dropbox\Projects\Practice8\Practice8\Practice8.vcxproj" (Build target(s)).

Build succeeded.

Time Elapsed 00:00:02.48
