Build started 2013-06-02 오전 3:34:28.
     1>Project "C:\Users\Retina\Documents\Visual Studio 2012\Projects\Practice 10\Practice 10.vcxproj" on node 2 (Build target(s)).
     1>ClCompile:
         C:\Program Files\Microsoft Visual Studio 11.0\VC\bin\CL.exe /c /ZI /nologo /W3 /WX- /Od /Oy- /D WIN32 /D _DEBUG /D _CONSOLE /D _UNICODE /D UNICODE /Gm /EHsc /RTC1 /MDd /GS /fp:precise /Zc:wchar_t /Zc:forScope /Fo"Debug\\" /Fd"Debug\vc110.pdb" /Gd /TC /analyze- /errorReport:prompt Practice10.c
         Practice10.c
     1>c:\users\retina\documents\visual studio 2012\projects\practice 10\practice10.c(109): warning C4101: 'tmpEdge' : unreferenced local variable
     1>c:\users\retina\documents\visual studio 2012\projects\practice 10\practice10.c(261): warning C4996: 'scanf': This function or variable may be unsafe. Consider using scanf_s instead. To disable deprecation, use _CRT_SECURE_NO_WARNINGS. See online help for details.
                 c:\program files\microsoft visual studio 11.0\vc\include\stdio.h(290) : see declaration of 'scanf'
     1>c:\users\retina\documents\visual studio 2012\projects\practice 10\practice10.c(262): warning C4996: 'scanf': This function or variable may be unsafe. Consider using scanf_s instead. To disable deprecation, use _CRT_SECURE_NO_WARNINGS. See online help for details.
                 c:\program files\microsoft visual studio 11.0\vc\include\stdio.h(290) : see declaration of 'scanf'
     1>c:\users\retina\documents\visual studio 2012\projects\practice 10\practice10.c(273): warning C4996: 'scanf': This function or variable may be unsafe. Consider using scanf_s instead. To disable deprecation, use _CRT_SECURE_NO_WARNINGS. See online help for details.
                 c:\program files\microsoft visual studio 11.0\vc\include\stdio.h(290) : see declaration of 'scanf'
     1>c:\users\retina\documents\visual studio 2012\projects\practice 10\practice10.c(244): warning C4101: 'k' : unreferenced local variable
     1>c:\users\retina\documents\visual studio 2012\projects\practice 10\practice10.c(244): warning C4101: 'j' : unreferenced local variable
       Link:
         C:\Program Files\Microsoft Visual Studio 11.0\VC\bin\link.exe /ERRORREPORT:PROMPT /OUT:"C:\Users\Retina\Documents\Visual Studio 2012\Projects\Practice 10\Debug\Practice 10.exe" /INCREMENTAL /NOLOGO kernel32.lib user32.lib gdi32.lib winspool.lib comdlg32.lib advapi32.lib shell32.lib ole32.lib oleaut32.lib uuid.lib odbc32.lib odbccp32.lib /MANIFEST /MANIFESTUAC:"level='asInvoker' uiAccess='false'" /manifest:embed /DEBUG /PDB:"C:\Users\Retina\Documents\Visual Studio 2012\Projects\Practice 10\Debug\Practice 10.pdb" /SUBSYSTEM:CONSOLE /TLBID:1 /DYNAMICBASE /NXCOMPAT /IMPLIB:"C:\Users\Retina\Documents\Visual Studio 2012\Projects\Practice 10\Debug\Practice 10.lib" /MACHINE:X86 Debug\Practice10.obj
         Practice 10.vcxproj -> C:\Users\Retina\Documents\Visual Studio 2012\Projects\Practice 10\Debug\Practice 10.exe
     1>Done Building Project "C:\Users\Retina\Documents\Visual Studio 2012\Projects\Practice 10\Practice 10.vcxproj" (Build target(s)).

Build succeeded.

Time Elapsed 00:00:00.51
